::1 - - [23/Jan/2019:08:34:06 +0700] "GET / HTTP/1.1" 200 765 "-" "Mozilla/5.0 (X11; Linux x86_64) AppleWebKit/537.36 (KHTML, like Gecko) Chrome/71.0.3578.98 Safari/537.36"
::1 - - [23/Jan/2019:08:34:07 +0700] "GET /favicon.ico HTTP/1.1" 404 500 "http://localhost/" "Mozilla/5.0 (X11; Linux x86_64) AppleWebKit/537.36 (KHTML, like Gecko) Chrome/71.0.3578.98 Safari/537.36"
::1 - - [23/Jan/2019:08:34:08 +0700] "GET /SS2_DocSo/ HTTP/1.1" 200 619 "http://localhost/" "Mozilla/5.0 (X11; Linux x86_64) AppleWebKit/537.36 (KHTML, like Gecko) Chrome/71.0.3578.98 Safari/537.36"
::1 - - [23/Jan/2019:08:34:11 +0700] "POST /SS2_DocSo/read1.php HTTP/1.1" 200 202 "http://localhost/SS2_DocSo/" "Mozilla/5.0 (X11; Linux x86_64) AppleWebKit/537.36 (KHTML, like Gecko) Chrome/71.0.3578.98 Safari/537.36"
::1 - - [23/Jan/2019:08:34:15 +0700] "POST /SS2_DocSo/read1.php HTTP/1.1" 200 202 "http://localhost/SS2_DocSo/" "Mozilla/5.0 (X11; Linux x86_64) AppleWebKit/537.36 (KHTML, like Gecko) Chrome/71.0.3578.98 Safari/537.36"
::1 - - [23/Jan/2019:08:34:19 +0700] "POST /SS2_DocSo/read1.php HTTP/1.1" 200 228 "http://localhost/SS2_DocSo/" "Mozilla/5.0 (X11; Linux x86_64) AppleWebKit/537.36 (KHTML, like Gecko) Chrome/71.0.3578.98 Safari/537.36"
::1 - - [23/Jan/2019:08:35:07 +0700] "POST /SS2_DocSo/read1.php HTTP/1.1" 200 215 "http://localhost/SS2_DocSo/" "Mozilla/5.0 (X11; Linux x86_64) AppleWebKit/537.36 (KHTML, like Gecko) Chrome/71.0.3578.98 Safari/537.36"
::1 - - [23/Jan/2019:08:35:14 +0700] "POST /SS2_DocSo/read1.php HTTP/1.1" 200 203 "http://localhost/SS2_DocSo/" "Mozilla/5.0 (X11; Linux x86_64) AppleWebKit/537.36 (KHTML, like Gecko) Chrome/71.0.3578.98 Safari/537.36"
::1 - - [23/Jan/2019:08:36:01 +0700] "POST /SS2_DocSo/read1.php HTTP/1.1" 200 203 "http://localhost/SS2_DocSo/" "Mozilla/5.0 (X11; Linux x86_64) AppleWebKit/537.36 (KHTML, like Gecko) Chrome/71.0.3578.98 Safari/537.36"
::1 - - [23/Jan/2019:08:36:53 +0700] "-" 408 0 "-" "-"
::1 - - [23/Jan/2019:08:37:38 +0700] "POST /SS2_DocSo/read1.php HTTP/1.1" 200 203 "http://localhost/SS2_DocSo/" "Mozilla/5.0 (X11; Linux x86_64) AppleWebKit/537.36 (KHTML, like Gecko) Chrome/71.0.3578.98 Safari/537.36"
::1 - - [23/Jan/2019:08:37:42 +0700] "POST /SS2_DocSo/read1.php HTTP/1.1" 200 224 "http://localhost/SS2_DocSo/" "Mozilla/5.0 (X11; Linux x86_64) AppleWebKit/537.36 (KHTML, like Gecko) Chrome/71.0.3578.98 Safari/537.36"
::1 - - [23/Jan/2019:08:37:46 +0700] "POST /SS2_DocSo/read1.php HTTP/1.1" 200 224 "http://localhost/SS2_DocSo/" "Mozilla/5.0 (X11; Linux x86_64) AppleWebKit/537.36 (KHTML, like Gecko) Chrome/71.0.3578.98 Safari/537.36"
::1 - - [23/Jan/2019:08:37:51 +0700] "POST /SS2_DocSo/read1.php HTTP/1.1" 200 202 "http://localhost/SS2_DocSo/" "Mozilla/5.0 (X11; Linux x86_64) AppleWebKit/537.36 (KHTML, like Gecko) Chrome/71.0.3578.98 Safari/537.36"
::1 - - [23/Jan/2019:08:37:56 +0700] "POST /SS2_DocSo/read1.php HTTP/1.1" 200 226 "http://localhost/SS2_DocSo/" "Mozilla/5.0 (X11; Linux x86_64) AppleWebKit/537.36 (KHTML, like Gecko) Chrome/71.0.3578.98 Safari/537.36"
::1 - - [23/Jan/2019:08:38:43 +0700] "-" 408 0 "-" "-"
::1 - - [23/Jan/2019:08:38:49 +0700] "POST /SS2_DocSo/read1.php HTTP/1.1" 200 227 "http://localhost/SS2_DocSo/" "Mozilla/5.0 (X11; Linux x86_64) AppleWebKit/537.36 (KHTML, like Gecko) Chrome/71.0.3578.98 Safari/537.36"
::1 - - [23/Jan/2019:08:39:38 +0700] "POST /SS2_DocSo/read1.php HTTP/1.1" 200 222 "http://localhost/SS2_DocSo/" "Mozilla/5.0 (X11; Linux x86_64) AppleWebKit/537.36 (KHTML, like Gecko) Chrome/71.0.3578.98 Safari/537.36"
::1 - - [23/Jan/2019:08:39:42 +0700] "POST /SS2_DocSo/read1.php HTTP/1.1" 200 224 "http://localhost/SS2_DocSo/" "Mozilla/5.0 (X11; Linux x86_64) AppleWebKit/537.36 (KHTML, like Gecko) Chrome/71.0.3578.98 Safari/537.36"
::1 - - [23/Jan/2019:08:39:45 +0700] "POST /SS2_DocSo/read1.php HTTP/1.1" 200 224 "http://localhost/SS2_DocSo/" "Mozilla/5.0 (X11; Linux x86_64) AppleWebKit/537.36 (KHTML, like Gecko) Chrome/71.0.3578.98 Safari/537.36"
::1 - - [23/Jan/2019:08:39:49 +0700] "POST /SS2_DocSo/read1.php HTTP/1.1" 200 228 "http://localhost/SS2_DocSo/" "Mozilla/5.0 (X11; Linux x86_64) AppleWebKit/537.36 (KHTML, like Gecko) Chrome/71.0.3578.98 Safari/537.36"
::1 - - [23/Jan/2019:08:39:53 +0700] "POST /SS2_DocSo/read1.php HTTP/1.1" 200 230 "http://localhost/SS2_DocSo/" "Mozilla/5.0 (X11; Linux x86_64) AppleWebKit/537.36 (KHTML, like Gecko) Chrome/71.0.3578.98 Safari/537.36"
::1 - - [23/Jan/2019:08:40:40 +0700] "-" 408 0 "-" "-"
::1 - - [23/Jan/2019:08:56:21 +0700] "POST /SS2_DocSo/read1.php HTTP/1.1" 200 231 "http://localhost/SS2_DocSo/" "Mozilla/5.0 (X11; Linux x86_64) AppleWebKit/537.36 (KHTML, like Gecko) Chrome/71.0.3578.98 Safari/537.36"
::1 - - [23/Jan/2019:08:56:25 +0700] "POST /SS2_DocSo/read1.php HTTP/1.1" 200 221 "http://localhost/SS2_DocSo/" "Mozilla/5.0 (X11; Linux x86_64) AppleWebKit/537.36 (KHTML, like Gecko) Chrome/71.0.3578.98 Safari/537.36"
::1 - - [23/Jan/2019:08:56:28 +0700] "POST /SS2_DocSo/read1.php HTTP/1.1" 200 221 "http://localhost/SS2_DocSo/" "Mozilla/5.0 (X11; Linux x86_64) AppleWebKit/537.36 (KHTML, like Gecko) Chrome/71.0.3578.98 Safari/537.36"
::1 - - [23/Jan/2019:08:56:30 +0700] "GET /SS2_DocSo/ HTTP/1.1" 200 619 "http://localhost/" "Mozilla/5.0 (X11; Linux x86_64) AppleWebKit/537.36 (KHTML, like Gecko) Chrome/71.0.3578.98 Safari/537.36"
::1 - - [23/Jan/2019:08:56:33 +0700] "POST /SS2_DocSo/read1.php HTTP/1.1" 200 221 "http://localhost/SS2_DocSo/" "Mozilla/5.0 (X11; Linux x86_64) AppleWebKit/537.36 (KHTML, like Gecko) Chrome/71.0.3578.98 Safari/537.36"
::1 - - [23/Jan/2019:08:56:37 +0700] "POST /SS2_DocSo/read1.php HTTP/1.1" 200 224 "http://localhost/SS2_DocSo/" "Mozilla/5.0 (X11; Linux x86_64) AppleWebKit/537.36 (KHTML, like Gecko) Chrome/71.0.3578.98 Safari/537.36"
::1 - - [23/Jan/2019:08:56:40 +0700] "POST /SS2_DocSo/read1.php HTTP/1.1" 200 228 "http://localhost/SS2_DocSo/" "Mozilla/5.0 (X11; Linux x86_64) AppleWebKit/537.36 (KHTML, like Gecko) Chrome/71.0.3578.98 Safari/537.36"
::1 - - [23/Jan/2019:08:56:45 +0700] "POST /SS2_DocSo/read1.php HTTP/1.1" 200 202 "http://localhost/SS2_DocSo/" "Mozilla/5.0 (X11; Linux x86_64) AppleWebKit/537.36 (KHTML, like Gecko) Chrome/71.0.3578.98 Safari/537.36"
::1 - - [23/Jan/2019:08:57:37 +0700] "-" 408 0 "-" "-"
::1 - - [23/Jan/2019:08:58:13 +0700] "GET /SS2_DocSo/ HTTP/1.1" 200 620 "http://localhost/" "Mozilla/5.0 (X11; Linux x86_64) AppleWebKit/537.36 (KHTML, like Gecko) Chrome/71.0.3578.98 Safari/537.36"
::1 - - [23/Jan/2019:08:58:16 +0700] "POST /SS2_DocSo/read1.php HTTP/1.1" 200 221 "http://localhost/SS2_DocSo/" "Mozilla/5.0 (X11; Linux x86_64) AppleWebKit/537.36 (KHTML, like Gecko) Chrome/71.0.3578.98 Safari/537.36"
::1 - - [23/Jan/2019:08:58:20 +0700] "POST /SS2_DocSo/read1.php HTTP/1.1" 200 221 "http://localhost/SS2_DocSo/" "Mozilla/5.0 (X11; Linux x86_64) AppleWebKit/537.36 (KHTML, like Gecko) Chrome/71.0.3578.98 Safari/537.36"
::1 - - [23/Jan/2019:08:58:23 +0700] "POST /SS2_DocSo/read1.php HTTP/1.1" 200 214 "http://localhost/SS2_DocSo/" "Mozilla/5.0 (X11; Linux x86_64) AppleWebKit/537.36 (KHTML, like Gecko) Chrome/71.0.3578.98 Safari/537.36"
::1 - - [23/Jan/2019:08:58:30 +0700] "POST /SS2_DocSo/read1.php HTTP/1.1" 200 224 "http://localhost/SS2_DocSo/" "Mozilla/5.0 (X11; Linux x86_64) AppleWebKit/537.36 (KHTML, like Gecko) Chrome/71.0.3578.98 Safari/537.36"
::1 - - [23/Jan/2019:08:59:21 +0700] "-" 408 0 "-" "-"
::1 - - [23/Jan/2019:09:03:20 +0700] "GET /SS2_DocSo/ HTTP/1.1" 200 620 "http://localhost/" "Mozilla/5.0 (X11; Linux x86_64) AppleWebKit/537.36 (KHTML, like Gecko) Chrome/71.0.3578.98 Safari/537.36"
::1 - - [23/Jan/2019:09:03:22 +0700] "POST /SS2_DocSo/read1.php HTTP/1.1" 200 205 "http://localhost/SS2_DocSo/" "Mozilla/5.0 (X11; Linux x86_64) AppleWebKit/537.36 (KHTML, like Gecko) Chrome/71.0.3578.98 Safari/537.36"
::1 - - [23/Jan/2019:09:04:11 +0700] "-" 408 0 "-" "-"
::1 - - [23/Jan/2019:09:05:37 +0700] "GET /SS2_DocSo/ HTTP/1.1" 200 620 "http://localhost/" "Mozilla/5.0 (X11; Linux x86_64) AppleWebKit/537.36 (KHTML, like Gecko) Chrome/71.0.3578.98 Safari/537.36"
::1 - - [23/Jan/2019:09:05:39 +0700] "POST /SS2_DocSo/read1.php HTTP/1.1" 200 342 "http://localhost/SS2_DocSo/" "Mozilla/5.0 (X11; Linux x86_64) AppleWebKit/537.36 (KHTML, like Gecko) Chrome/71.0.3578.98 Safari/537.36"
::1 - - [23/Jan/2019:09:05:42 +0700] "GET /SS2_DocSo/index.php? HTTP/1.1" 200 619 "http://localhost/SS2_DocSo/read1.php" "Mozilla/5.0 (X11; Linux x86_64) AppleWebKit/537.36 (KHTML, like Gecko) Chrome/71.0.3578.98 Safari/537.36"
::1 - - [23/Jan/2019:09:05:44 +0700] "POST /SS2_DocSo/read1.php HTTP/1.1" 200 342 "http://localhost/SS2_DocSo/index.php?" "Mozilla/5.0 (X11; Linux x86_64) AppleWebKit/537.36 (KHTML, like Gecko) Chrome/71.0.3578.98 Safari/537.36"
::1 - - [23/Jan/2019:09:05:45 +0700] "GET /SS2_DocSo/index.php? HTTP/1.1" 200 619 "http://localhost/SS2_DocSo/read1.php" "Mozilla/5.0 (X11; Linux x86_64) AppleWebKit/537.36 (KHTML, like Gecko) Chrome/71.0.3578.98 Safari/537.36"
::1 - - [23/Jan/2019:09:05:47 +0700] "POST /SS2_DocSo/read1.php HTTP/1.1" 200 345 "http://localhost/SS2_DocSo/index.php?" "Mozilla/5.0 (X11; Linux x86_64) AppleWebKit/537.36 (KHTML, like Gecko) Chrome/71.0.3578.98 Safari/537.36"
::1 - - [23/Jan/2019:09:05:48 +0700] "GET /SS2_DocSo/index.php? HTTP/1.1" 200 619 "http://localhost/SS2_DocSo/read1.php" "Mozilla/5.0 (X11; Linux x86_64) AppleWebKit/537.36 (KHTML, like Gecko) Chrome/71.0.3578.98 Safari/537.36"
::1 - - [23/Jan/2019:09:05:50 +0700] "POST /SS2_DocSo/read1.php HTTP/1.1" 200 347 "http://localhost/SS2_DocSo/index.php?" "Mozilla/5.0 (X11; Linux x86_64) AppleWebKit/537.36 (KHTML, like Gecko) Chrome/71.0.3578.98 Safari/537.36"
::1 - - [23/Jan/2019:09:05:55 +0700] "POST /SS2_DocSo/read1.php HTTP/1.1" 200 349 "http://localhost/SS2_DocSo/index.php?" "Mozilla/5.0 (X11; Linux x86_64) AppleWebKit/537.36 (KHTML, like Gecko) Chrome/71.0.3578.98 Safari/537.36"
::1 - - [23/Jan/2019:09:05:56 +0700] "GET /SS2_DocSo/index.php? HTTP/1.1" 200 619 "http://localhost/SS2_DocSo/read1.php" "Mozilla/5.0 (X11; Linux x86_64) AppleWebKit/537.36 (KHTML, like Gecko) Chrome/71.0.3578.98 Safari/537.36"
::1 - - [23/Jan/2019:09:05:58 +0700] "POST /SS2_DocSo/read1.php HTTP/1.1" 200 349 "http://localhost/SS2_DocSo/index.php?" "Mozilla/5.0 (X11; Linux x86_64) AppleWebKit/537.36 (KHTML, like Gecko) Chrome/71.0.3578.98 Safari/537.36"
::1 - - [23/Jan/2019:09:06:50 +0700] "-" 408 0 "-" "-"
::1 - - [23/Jan/2019:09:10:10 +0700] "POST /SS2_DocSo/read1.php HTTP/1.1" 200 348 "http://localhost/SS2_DocSo/index.php?" "Mozilla/5.0 (X11; Linux x86_64) AppleWebKit/537.36 (KHTML, like Gecko) Chrome/71.0.3578.98 Safari/537.36"
::1 - - [23/Jan/2019:09:10:13 +0700] "GET /SS2_DocSo/index.php? HTTP/1.1" 200 619 "http://localhost/SS2_DocSo/read1.php" "Mozilla/5.0 (X11; Linux x86_64) AppleWebKit/537.36 (KHTML, like Gecko) Chrome/71.0.3578.98 Safari/537.36"
::1 - - [23/Jan/2019:09:10:20 +0700] "POST /SS2_DocSo/read1.php HTTP/1.1" 200 344 "http://localhost/SS2_DocSo/index.php?" "Mozilla/5.0 (X11; Linux x86_64) AppleWebKit/537.36 (KHTML, like Gecko) Chrome/71.0.3578.98 Safari/537.36"
::1 - - [23/Jan/2019:09:10:21 +0700] "GET /SS2_DocSo/index.php? HTTP/1.1" 200 619 "http://localhost/SS2_DocSo/read1.php" "Mozilla/5.0 (X11; Linux x86_64) AppleWebKit/537.36 (KHTML, like Gecko) Chrome/71.0.3578.98 Safari/537.36"
::1 - - [23/Jan/2019:09:11:11 +0700] "-" 408 0 "-" "-"
::1 - - [23/Jan/2019:09:11:31 +0700] "POST /SS2_DocSo/read1.php HTTP/1.1" 200 350 "http://localhost/SS2_DocSo/index.php?" "Mozilla/5.0 (X11; Linux x86_64) AppleWebKit/537.36 (KHTML, like Gecko) Chrome/71.0.3578.98 Safari/537.36"
::1 - - [23/Jan/2019:09:11:32 +0700] "GET /SS2_DocSo/index.php? HTTP/1.1" 200 619 "http://localhost/SS2_DocSo/read1.php" "Mozilla/5.0 (X11; Linux x86_64) AppleWebKit/537.36 (KHTML, like Gecko) Chrome/71.0.3578.98 Safari/537.36"
::1 - - [23/Jan/2019:09:11:34 +0700] "POST /SS2_DocSo/read1.php HTTP/1.1" 200 364 "http://localhost/SS2_DocSo/index.php?" "Mozilla/5.0 (X11; Linux x86_64) AppleWebKit/537.36 (KHTML, like Gecko) Chrome/71.0.3578.98 Safari/537.36"
::1 - - [23/Jan/2019:09:11:36 +0700] "GET /SS2_DocSo/index.php? HTTP/1.1" 200 619 "http://localhost/SS2_DocSo/read1.php" "Mozilla/5.0 (X11; Linux x86_64) AppleWebKit/537.36 (KHTML, like Gecko) Chrome/71.0.3578.98 Safari/537.36"
::1 - - [23/Jan/2019:09:11:38 +0700] "POST /SS2_DocSo/read1.php HTTP/1.1" 200 356 "http://localhost/SS2_DocSo/index.php?" "Mozilla/5.0 (X11; Linux x86_64) AppleWebKit/537.36 (KHTML, like Gecko) Chrome/71.0.3578.98 Safari/537.36"
::1 - - [23/Jan/2019:09:11:39 +0700] "GET /SS2_DocSo/index.php? HTTP/1.1" 200 619 "http://localhost/SS2_DocSo/read1.php" "Mozilla/5.0 (X11; Linux x86_64) AppleWebKit/537.36 (KHTML, like Gecko) Chrome/71.0.3578.98 Safari/537.36"
::1 - - [23/Jan/2019:09:11:40 +0700] "POST /SS2_DocSo/read1.php HTTP/1.1" 200 353 "http://localhost/SS2_DocSo/index.php?" "Mozilla/5.0 (X11; Linux x86_64) AppleWebKit/537.36 (KHTML, like Gecko) Chrome/71.0.3578.98 Safari/537.36"
::1 - - [23/Jan/2019:09:11:42 +0700] "GET /SS2_DocSo/index.php? HTTP/1.1" 200 619 "http://localhost/SS2_DocSo/read1.php" "Mozilla/5.0 (X11; Linux x86_64) AppleWebKit/537.36 (KHTML, like Gecko) Chrome/71.0.3578.98 Safari/537.36"
::1 - - [23/Jan/2019:09:11:43 +0700] "POST /SS2_DocSo/read1.php HTTP/1.1" 200 351 "http://localhost/SS2_DocSo/index.php?" "Mozilla/5.0 (X11; Linux x86_64) AppleWebKit/537.36 (KHTML, like Gecko) Chrome/71.0.3578.98 Safari/537.36"
::1 - - [23/Jan/2019:09:11:44 +0700] "GET /SS2_DocSo/index.php? HTTP/1.1" 200 619 "http://localhost/SS2_DocSo/read1.php" "Mozilla/5.0 (X11; Linux x86_64) AppleWebKit/537.36 (KHTML, like Gecko) Chrome/71.0.3578.98 Safari/537.36"
::1 - - [23/Jan/2019:09:11:46 +0700] "POST /SS2_DocSo/read1.php HTTP/1.1" 200 361 "http://localhost/SS2_DocSo/index.php?" "Mozilla/5.0 (X11; Linux x86_64) AppleWebKit/537.36 (KHTML, like Gecko) Chrome/71.0.3578.98 Safari/537.36"
::1 - - [23/Jan/2019:09:12:30 +0700] "-" 408 0 "-" "-"
::1 - - [23/Jan/2019:09:14:37 +0700] "GET /SS2_DocSo/index.php? HTTP/1.1" 200 620 "http://localhost/SS2_DocSo/read1.php" "Mozilla/5.0 (X11; Linux x86_64) AppleWebKit/537.36 (KHTML, like Gecko) Chrome/71.0.3578.98 Safari/537.36"
::1 - - [23/Jan/2019:09:14:38 +0700] "POST /SS2_DocSo/read1.php HTTP/1.1" 200 355 "http://localhost/SS2_DocSo/index.php?" "Mozilla/5.0 (X11; Linux x86_64) AppleWebKit/537.36 (KHTML, like Gecko) Chrome/71.0.3578.98 Safari/537.36"
::1 - - [23/Jan/2019:09:14:40 +0700] "GET /SS2_DocSo/index.php? HTTP/1.1" 200 619 "http://localhost/SS2_DocSo/read1.php" "Mozilla/5.0 (X11; Linux x86_64) AppleWebKit/537.36 (KHTML, like Gecko) Chrome/71.0.3578.98 Safari/537.36"
::1 - - [23/Jan/2019:09:14:50 +0700] "GET /SS2_DocSo/index.php? HTTP/1.1" 200 620 "http://localhost/SS2_DocSo/read1.php" "Mozilla/5.0 (X11; Linux x86_64) AppleWebKit/537.36 (KHTML, like Gecko) Chrome/71.0.3578.98 Safari/537.36"
::1 - - [23/Jan/2019:09:14:51 +0700] "POST /SS2_DocSo/read1.php HTTP/1.1" 200 349 "http://localhost/SS2_DocSo/index.php?" "Mozilla/5.0 (X11; Linux x86_64) AppleWebKit/537.36 (KHTML, like Gecko) Chrome/71.0.3578.98 Safari/537.36"
::1 - - [23/Jan/2019:09:14:51 +0700] "GET /SS2_DocSo/index.php? HTTP/1.1" 200 619 "http://localhost/SS2_DocSo/read1.php" "Mozilla/5.0 (X11; Linux x86_64) AppleWebKit/537.36 (KHTML, like Gecko) Chrome/71.0.3578.98 Safari/537.36"
::1 - - [23/Jan/2019:09:14:54 +0700] "POST /SS2_DocSo/read1.php HTTP/1.1" 200 355 "http://localhost/SS2_DocSo/index.php?" "Mozilla/5.0 (X11; Linux x86_64) AppleWebKit/537.36 (KHTML, like Gecko) Chrome/71.0.3578.98 Safari/537.36"
::1 - - [23/Jan/2019:09:14:56 +0700] "GET /SS2_DocSo/index.php? HTTP/1.1" 200 619 "http://localhost/SS2_DocSo/read1.php" "Mozilla/5.0 (X11; Linux x86_64) AppleWebKit/537.36 (KHTML, like Gecko) Chrome/71.0.3578.98 Safari/537.36"
::1 - - [23/Jan/2019:09:14:57 +0700] "POST /SS2_DocSo/read1.php HTTP/1.1" 200 352 "http://localhost/SS2_DocSo/index.php?" "Mozilla/5.0 (X11; Linux x86_64) AppleWebKit/537.36 (KHTML, like Gecko) Chrome/71.0.3578.98 Safari/537.36"
::1 - - [23/Jan/2019:09:14:58 +0700] "GET /SS2_DocSo/index.php? HTTP/1.1" 200 619 "http://localhost/SS2_DocSo/read1.php" "Mozilla/5.0 (X11; Linux x86_64) AppleWebKit/537.36 (KHTML, like Gecko) Chrome/71.0.3578.98 Safari/537.36"
::1 - - [23/Jan/2019:09:15:01 +0700] "POST /SS2_DocSo/read1.php HTTP/1.1" 200 352 "http://localhost/SS2_DocSo/index.php?" "Mozilla/5.0 (X11; Linux x86_64) AppleWebKit/537.36 (KHTML, like Gecko) Chrome/71.0.3578.98 Safari/537.36"
::1 - - [23/Jan/2019:09:15:02 +0700] "GET /SS2_DocSo/index.php? HTTP/1.1" 200 619 "http://localhost/SS2_DocSo/read1.php" "Mozilla/5.0 (X11; Linux x86_64) AppleWebKit/537.36 (KHTML, like Gecko) Chrome/71.0.3578.98 Safari/537.36"
::1 - - [23/Jan/2019:09:15:20 +0700] "POST /SS2_DocSo/read1.php HTTP/1.1" 200 350 "http://localhost/SS2_DocSo/index.php?" "Mozilla/5.0 (X11; Linux x86_64) AppleWebKit/537.36 (KHTML, like Gecko) Chrome/71.0.3578.98 Safari/537.36"
::1 - - [23/Jan/2019:09:15:20 +0700] "GET /SS2_DocSo/index.php? HTTP/1.1" 200 619 "http://localhost/SS2_DocSo/read1.php" "Mozilla/5.0 (X11; Linux x86_64) AppleWebKit/537.36 (KHTML, like Gecko) Chrome/71.0.3578.98 Safari/537.36"
::1 - - [23/Jan/2019:09:15:23 +0700] "POST /SS2_DocSo/read1.php HTTP/1.1" 200 365 "http://localhost/SS2_DocSo/index.php?" "Mozilla/5.0 (X11; Linux x86_64) AppleWebKit/537.36 (KHTML, like Gecko) Chrome/71.0.3578.98 Safari/537.36"
::1 - - [23/Jan/2019:09:15:24 +0700] "GET /SS2_DocSo/index.php? HTTP/1.1" 200 619 "http://localhost/SS2_DocSo/read1.php" "Mozilla/5.0 (X11; Linux x86_64) AppleWebKit/537.36 (KHTML, like Gecko) Chrome/71.0.3578.98 Safari/537.36"
::1 - - [23/Jan/2019:09:15:26 +0700] "POST /SS2_DocSo/read1.php HTTP/1.1" 200 355 "http://localhost/SS2_DocSo/index.php?" "Mozilla/5.0 (X11; Linux x86_64) AppleWebKit/537.36 (KHTML, like Gecko) Chrome/71.0.3578.98 Safari/537.36"
::1 - - [23/Jan/2019:09:15:28 +0700] "GET /SS2_DocSo/index.php? HTTP/1.1" 200 619 "http://localhost/SS2_DocSo/read1.php" "Mozilla/5.0 (X11; Linux x86_64) AppleWebKit/537.36 (KHTML, like Gecko) Chrome/71.0.3578.98 Safari/537.36"
::1 - - [23/Jan/2019:09:16:11 +0700] "-" 408 0 "-" "-"
::1 - - [23/Jan/2019:09:19:04 +0700] "POST /SS2_DocSo/read1.php HTTP/1.1" 500 185 "http://localhost/SS2_DocSo/index.php?" "Mozilla/5.0 (X11; Linux x86_64) AppleWebKit/537.36 (KHTML, like Gecko) Chrome/71.0.3578.98 Safari/537.36"
::1 - - [23/Jan/2019:09:19:53 +0700] "POST /SS2_DocSo/read1.php HTTP/1.1" 200 356 "http://localhost/SS2_DocSo/index.php?" "Mozilla/5.0 (X11; Linux x86_64) AppleWebKit/537.36 (KHTML, like Gecko) Chrome/71.0.3578.98 Safari/537.36"
::1 - - [23/Jan/2019:09:19:54 +0700] "GET /SS2_DocSo/index.php? HTTP/1.1" 200 619 "http://localhost/SS2_DocSo/read1.php" "Mozilla/5.0 (X11; Linux x86_64) AppleWebKit/537.36 (KHTML, like Gecko) Chrome/71.0.3578.98 Safari/537.36"
::1 - - [23/Jan/2019:09:19:56 +0700] "POST /SS2_DocSo/read1.php HTTP/1.1" 200 361 "http://localhost/SS2_DocSo/index.php?" "Mozilla/5.0 (X11; Linux x86_64) AppleWebKit/537.36 (KHTML, like Gecko) Chrome/71.0.3578.98 Safari/537.36"
::1 - - [23/Jan/2019:09:19:57 +0700] "GET /SS2_DocSo/index.php? HTTP/1.1" 200 619 "http://localhost/SS2_DocSo/read1.php" "Mozilla/5.0 (X11; Linux x86_64) AppleWebKit/537.36 (KHTML, like Gecko) Chrome/71.0.3578.98 Safari/537.36"
::1 - - [23/Jan/2019:09:20:01 +0700] "POST /SS2_DocSo/read1.php HTTP/1.1" 200 358 "http://localhost/SS2_DocSo/index.php?" "Mozilla/5.0 (X11; Linux x86_64) AppleWebKit/537.36 (KHTML, like Gecko) Chrome/71.0.3578.98 Safari/537.36"
::1 - - [23/Jan/2019:09:20:02 +0700] "GET /SS2_DocSo/index.php? HTTP/1.1" 200 619 "http://localhost/SS2_DocSo/read1.php" "Mozilla/5.0 (X11; Linux x86_64) AppleWebKit/537.36 (KHTML, like Gecko) Chrome/71.0.3578.98 Safari/537.36"
::1 - - [23/Jan/2019:09:20:04 +0700] "POST /SS2_DocSo/read1.php HTTP/1.1" 200 356 "http://localhost/SS2_DocSo/index.php?" "Mozilla/5.0 (X11; Linux x86_64) AppleWebKit/537.36 (KHTML, like Gecko) Chrome/71.0.3578.98 Safari/537.36"
::1 - - [23/Jan/2019:09:20:05 +0700] "GET /SS2_DocSo/index.php? HTTP/1.1" 200 619 "http://localhost/SS2_DocSo/read1.php" "Mozilla/5.0 (X11; Linux x86_64) AppleWebKit/537.36 (KHTML, like Gecko) Chrome/71.0.3578.98 Safari/537.36"
::1 - - [23/Jan/2019:09:20:09 +0700] "POST /SS2_DocSo/read1.php HTTP/1.1" 200 356 "http://localhost/SS2_DocSo/index.php?" "Mozilla/5.0 (X11; Linux x86_64) AppleWebKit/537.36 (KHTML, like Gecko) Chrome/71.0.3578.98 Safari/537.36"
::1 - - [23/Jan/2019:09:20:10 +0700] "GET /SS2_DocSo/index.php? HTTP/1.1" 200 619 "http://localhost/SS2_DocSo/read1.php" "Mozilla/5.0 (X11; Linux x86_64) AppleWebKit/537.36 (KHTML, like Gecko) Chrome/71.0.3578.98 Safari/537.36"
::1 - - [23/Jan/2019:09:20:13 +0700] "POST /SS2_DocSo/read1.php HTTP/1.1" 200 363 "http://localhost/SS2_DocSo/index.php?" "Mozilla/5.0 (X11; Linux x86_64) AppleWebKit/537.36 (KHTML, like Gecko) Chrome/71.0.3578.98 Safari/537.36"
::1 - - [23/Jan/2019:09:20:14 +0700] "GET /SS2_DocSo/index.php? HTTP/1.1" 200 619 "http://localhost/SS2_DocSo/read1.php" "Mozilla/5.0 (X11; Linux x86_64) AppleWebKit/537.36 (KHTML, like Gecko) Chrome/71.0.3578.98 Safari/537.36"
::1 - - [23/Jan/2019:09:20:16 +0700] "POST /SS2_DocSo/read1.php HTTP/1.1" 200 351 "http://localhost/SS2_DocSo/index.php?" "Mozilla/5.0 (X11; Linux x86_64) AppleWebKit/537.36 (KHTML, like Gecko) Chrome/71.0.3578.98 Safari/537.36"
::1 - - [23/Jan/2019:09:20:17 +0700] "GET /SS2_DocSo/index.php? HTTP/1.1" 200 619 "http://localhost/SS2_DocSo/read1.php" "Mozilla/5.0 (X11; Linux x86_64) AppleWebKit/537.36 (KHTML, like Gecko) Chrome/71.0.3578.98 Safari/537.36"
::1 - - [23/Jan/2019:09:20:19 +0700] "POST /SS2_DocSo/read1.php HTTP/1.1" 200 352 "http://localhost/SS2_DocSo/index.php?" "Mozilla/5.0 (X11; Linux x86_64) AppleWebKit/537.36 (KHTML, like Gecko) Chrome/71.0.3578.98 Safari/537.36"
::1 - - [23/Jan/2019:09:20:20 +0700] "GET /SS2_DocSo/index.php? HTTP/1.1" 200 619 "http://localhost/SS2_DocSo/read1.php" "Mozilla/5.0 (X11; Linux x86_64) AppleWebKit/537.36 (KHTML, like Gecko) Chrome/71.0.3578.98 Safari/537.36"
::1 - - [23/Jan/2019:09:20:24 +0700] "POST /SS2_DocSo/read1.php HTTP/1.1" 200 354 "http://localhost/SS2_DocSo/index.php?" "Mozilla/5.0 (X11; Linux x86_64) AppleWebKit/537.36 (KHTML, like Gecko) Chrome/71.0.3578.98 Safari/537.36"
::1 - - [23/Jan/2019:09:20:25 +0700] "GET /SS2_DocSo/index.php? HTTP/1.1" 200 619 "http://localhost/SS2_DocSo/read1.php" "Mozilla/5.0 (X11; Linux x86_64) AppleWebKit/537.36 (KHTML, like Gecko) Chrome/71.0.3578.98 Safari/537.36"
::1 - - [23/Jan/2019:09:20:26 +0700] "POST /SS2_DocSo/read1.php HTTP/1.1" 200 348 "http://localhost/SS2_DocSo/index.php?" "Mozilla/5.0 (X11; Linux x86_64) AppleWebKit/537.36 (KHTML, like Gecko) Chrome/71.0.3578.98 Safari/537.36"
::1 - - [23/Jan/2019:09:20:28 +0700] "GET /SS2_DocSo/index.php? HTTP/1.1" 200 619 "http://localhost/SS2_DocSo/read1.php" "Mozilla/5.0 (X11; Linux x86_64) AppleWebKit/537.36 (KHTML, like Gecko) Chrome/71.0.3578.98 Safari/537.36"
::1 - - [23/Jan/2019:09:20:28 +0700] "POST /SS2_DocSo/read1.php HTTP/1.1" 200 349 "http://localhost/SS2_DocSo/index.php?" "Mozilla/5.0 (X11; Linux x86_64) AppleWebKit/537.36 (KHTML, like Gecko) Chrome/71.0.3578.98 Safari/537.36"
::1 - - [23/Jan/2019:09:20:29 +0700] "GET /SS2_DocSo/index.php? HTTP/1.1" 200 619 "http://localhost/SS2_DocSo/read1.php" "Mozilla/5.0 (X11; Linux x86_64) AppleWebKit/537.36 (KHTML, like Gecko) Chrome/71.0.3578.98 Safari/537.36"
::1 - - [23/Jan/2019:09:20:31 +0700] "POST /SS2_DocSo/read1.php HTTP/1.1" 200 358 "http://localhost/SS2_DocSo/index.php?" "Mozilla/5.0 (X11; Linux x86_64) AppleWebKit/537.36 (KHTML, like Gecko) Chrome/71.0.3578.98 Safari/537.36"
::1 - - [23/Jan/2019:09:20:31 +0700] "GET /SS2_DocSo/index.php? HTTP/1.1" 200 619 "http://localhost/SS2_DocSo/read1.php" "Mozilla/5.0 (X11; Linux x86_64) AppleWebKit/537.36 (KHTML, like Gecko) Chrome/71.0.3578.98 Safari/537.36"
::1 - - [23/Jan/2019:09:21:15 +0700] "-" 408 0 "-" "-"
::1 - - [23/Jan/2019:09:21:45 +0700] "POST /SS2_DocSo/read1.php HTTP/1.1" 200 356 "http://localhost/SS2_DocSo/index.php?" "Mozilla/5.0 (X11; Linux x86_64) AppleWebKit/537.36 (KHTML, like Gecko) Chrome/71.0.3578.98 Safari/537.36"
::1 - - [23/Jan/2019:09:21:46 +0700] "GET /SS2_DocSo/index.php? HTTP/1.1" 200 619 "http://localhost/SS2_DocSo/read1.php" "Mozilla/5.0 (X11; Linux x86_64) AppleWebKit/537.36 (KHTML, like Gecko) Chrome/71.0.3578.98 Safari/537.36"
::1 - - [23/Jan/2019:09:21:48 +0700] "POST /SS2_DocSo/read1.php HTTP/1.1" 200 358 "http://localhost/SS2_DocSo/index.php?" "Mozilla/5.0 (X11; Linux x86_64) AppleWebKit/537.36 (KHTML, like Gecko) Chrome/71.0.3578.98 Safari/537.36"
::1 - - [23/Jan/2019:09:21:50 +0700] "GET /SS2_DocSo/index.php? HTTP/1.1" 200 619 "http://localhost/SS2_DocSo/read1.php" "Mozilla/5.0 (X11; Linux x86_64) AppleWebKit/537.36 (KHTML, like Gecko) Chrome/71.0.3578.98 Safari/537.36"
::1 - - [23/Jan/2019:09:21:54 +0700] "POST /SS2_DocSo/read1.php HTTP/1.1" 200 362 "http://localhost/SS2_DocSo/index.php?" "Mozilla/5.0 (X11; Linux x86_64) AppleWebKit/537.36 (KHTML, like Gecko) Chrome/71.0.3578.98 Safari/537.36"
::1 - - [23/Jan/2019:09:21:55 +0700] "GET /SS2_DocSo/index.php? HTTP/1.1" 200 619 "http://localhost/SS2_DocSo/read1.php" "Mozilla/5.0 (X11; Linux x86_64) AppleWebKit/537.36 (KHTML, like Gecko) Chrome/71.0.3578.98 Safari/537.36"
::1 - - [23/Jan/2019:09:21:57 +0700] "POST /SS2_DocSo/read1.php HTTP/1.1" 200 355 "http://localhost/SS2_DocSo/index.php?" "Mozilla/5.0 (X11; Linux x86_64) AppleWebKit/537.36 (KHTML, like Gecko) Chrome/71.0.3578.98 Safari/537.36"
::1 - - [23/Jan/2019:09:21:58 +0700] "GET /SS2_DocSo/index.php? HTTP/1.1" 200 619 "http://localhost/SS2_DocSo/read1.php" "Mozilla/5.0 (X11; Linux x86_64) AppleWebKit/537.36 (KHTML, like Gecko) Chrome/71.0.3578.98 Safari/537.36"
::1 - - [23/Jan/2019:09:22:02 +0700] "POST /SS2_DocSo/read1.php HTTP/1.1" 200 363 "http://localhost/SS2_DocSo/index.php?" "Mozilla/5.0 (X11; Linux x86_64) AppleWebKit/537.36 (KHTML, like Gecko) Chrome/71.0.3578.98 Safari/537.36"
::1 - - [23/Jan/2019:09:22:02 +0700] "GET /SS2_DocSo/index.php? HTTP/1.1" 200 619 "http://localhost/SS2_DocSo/read1.php" "Mozilla/5.0 (X11; Linux x86_64) AppleWebKit/537.36 (KHTML, like Gecko) Chrome/71.0.3578.98 Safari/537.36"
::1 - - [23/Jan/2019:09:22:05 +0700] "POST /SS2_DocSo/read1.php HTTP/1.1" 200 362 "http://localhost/SS2_DocSo/index.php?" "Mozilla/5.0 (X11; Linux x86_64) AppleWebKit/537.36 (KHTML, like Gecko) Chrome/71.0.3578.98 Safari/537.36"
::1 - - [23/Jan/2019:09:22:06 +0700] "GET /SS2_DocSo/index.php? HTTP/1.1" 200 619 "http://localhost/SS2_DocSo/read1.php" "Mozilla/5.0 (X11; Linux x86_64) AppleWebKit/537.36 (KHTML, like Gecko) Chrome/71.0.3578.98 Safari/537.36"
::1 - - [23/Jan/2019:09:22:08 +0700] "POST /SS2_DocSo/read1.php HTTP/1.1" 200 359 "http://localhost/SS2_DocSo/index.php?" "Mozilla/5.0 (X11; Linux x86_64) AppleWebKit/537.36 (KHTML, like Gecko) Chrome/71.0.3578.98 Safari/537.36"
::1 - - [23/Jan/2019:09:22:10 +0700] "GET /SS2_DocSo/index.php? HTTP/1.1" 200 619 "http://localhost/SS2_DocSo/read1.php" "Mozilla/5.0 (X11; Linux x86_64) AppleWebKit/537.36 (KHTML, like Gecko) Chrome/71.0.3578.98 Safari/537.36"
::1 - - [23/Jan/2019:09:22:46 +0700] "POST /SS2_DocSo/read1.php HTTP/1.1" 200 349 "http://localhost/SS2_DocSo/index.php?" "Mozilla/5.0 (X11; Linux x86_64) AppleWebKit/537.36 (KHTML, like Gecko) Chrome/71.0.3578.98 Safari/537.36"
::1 - - [23/Jan/2019:09:22:48 +0700] "GET /SS2_DocSo/index.php? HTTP/1.1" 200 619 "http://localhost/SS2_DocSo/read1.php" "Mozilla/5.0 (X11; Linux x86_64) AppleWebKit/537.36 (KHTML, like Gecko) Chrome/71.0.3578.98 Safari/537.36"
::1 - - [23/Jan/2019:09:22:49 +0700] "POST /SS2_DocSo/read1.php HTTP/1.1" 200 348 "http://localhost/SS2_DocSo/index.php?" "Mozilla/5.0 (X11; Linux x86_64) AppleWebKit/537.36 (KHTML, like Gecko) Chrome/71.0.3578.98 Safari/537.36"
::1 - - [23/Jan/2019:09:22:50 +0700] "GET /SS2_DocSo/index.php? HTTP/1.1" 200 619 "http://localhost/SS2_DocSo/read1.php" "Mozilla/5.0 (X11; Linux x86_64) AppleWebKit/537.36 (KHTML, like Gecko) Chrome/71.0.3578.98 Safari/537.36"
::1 - - [23/Jan/2019:09:22:52 +0700] "POST /SS2_DocSo/read1.php HTTP/1.1" 200 348 "http://localhost/SS2_DocSo/index.php?" "Mozilla/5.0 (X11; Linux x86_64) AppleWebKit/537.36 (KHTML, like Gecko) Chrome/71.0.3578.98 Safari/537.36"
::1 - - [23/Jan/2019:09:22:53 +0700] "GET /SS2_DocSo/index.php? HTTP/1.1" 200 619 "http://localhost/SS2_DocSo/read1.php" "Mozilla/5.0 (X11; Linux x86_64) AppleWebKit/537.36 (KHTML, like Gecko) Chrome/71.0.3578.98 Safari/537.36"
::1 - - [23/Jan/2019:09:22:55 +0700] "POST /SS2_DocSo/read1.php HTTP/1.1" 200 354 "http://localhost/SS2_DocSo/index.php?" "Mozilla/5.0 (X11; Linux x86_64) AppleWebKit/537.36 (KHTML, like Gecko) Chrome/71.0.3578.98 Safari/537.36"
::1 - - [23/Jan/2019:09:22:55 +0700] "GET /SS2_DocSo/index.php? HTTP/1.1" 200 619 "http://localhost/SS2_DocSo/read1.php" "Mozilla/5.0 (X11; Linux x86_64) AppleWebKit/537.36 (KHTML, like Gecko) Chrome/71.0.3578.98 Safari/537.36"
::1 - - [23/Jan/2019:09:23:38 +0700] "-" 408 0 "-" "-"
::1 - - [23/Jan/2019:11:40:53 +0700] "GET / HTTP/1.1" 200 765 "-" "Mozilla/5.0 (X11; Linux x86_64) AppleWebKit/537.36 (KHTML, like Gecko) Chrome/71.0.3578.98 Safari/537.36"
::1 - - [23/Jan/2019:11:40:57 +0700] "GET /SS2_DocSo/ HTTP/1.1" 200 632 "http://localhost/" "Mozilla/5.0 (X11; Linux x86_64) AppleWebKit/537.36 (KHTML, like Gecko) Chrome/71.0.3578.98 Safari/537.36"
::1 - - [23/Jan/2019:11:41:44 +0700] "-" 408 0 "-" "-"
::1 - - [23/Jan/2019:13:32:50 +0700] "GET /SS2_DocSo/ HTTP/1.1" 200 620 "http://localhost/" "Mozilla/5.0 (X11; Linux x86_64) AppleWebKit/537.36 (KHTML, like Gecko) Chrome/71.0.3578.98 Safari/537.36"
::1 - - [23/Jan/2019:13:38:02 +0700] "GET / HTTP/1.1" 200 787 "-" "Mozilla/5.0 (X11; Linux x86_64) AppleWebKit/537.36 (KHTML, like Gecko) Chrome/71.0.3578.98 Safari/537.36"
::1 - - [23/Jan/2019:13:38:04 +0700] "GET /BC2_SS3_ThucHanh1/ HTTP/1.1" 200 754 "http://localhost/" "Mozilla/5.0 (X11; Linux x86_64) AppleWebKit/537.36 (KHTML, like Gecko) Chrome/71.0.3578.98 Safari/537.36"
::1 - - [23/Jan/2019:13:38:04 +0700] "GET /BC2_SS3_ThucHanh1/img1.jpeg HTTP/1.1" 200 7833 "http://localhost/BC2_SS3_ThucHanh1/" "Mozilla/5.0 (X11; Linux x86_64) AppleWebKit/537.36 (KHTML, like Gecko) Chrome/71.0.3578.98 Safari/537.36"
::1 - - [23/Jan/2019:13:38:04 +0700] "GET /BC2_SS3_ThucHanh1/img2.jpeg HTTP/1.1" 200 8929 "http://localhost/BC2_SS3_ThucHanh1/" "Mozilla/5.0 (X11; Linux x86_64) AppleWebKit/537.36 (KHTML, like Gecko) Chrome/71.0.3578.98 Safari/537.36"
::1 - - [23/Jan/2019:13:38:04 +0700] "GET /BC2_SS3_ThucHanh1/img3.jpeg HTTP/1.1" 200 10305 "http://localhost/BC2_SS3_ThucHanh1/" "Mozilla/5.0 (X11; Linux x86_64) AppleWebKit/537.36 (KHTML, like Gecko) Chrome/71.0.3578.98 Safari/537.36"
::1 - - [23/Jan/2019:13:38:04 +0700] "GET /BC2_SS3_ThucHanh1/img4.jpeg HTTP/1.1" 200 9461 "http://localhost/BC2_SS3_ThucHanh1/" "Mozilla/5.0 (X11; Linux x86_64) AppleWebKit/537.36 (KHTML, like Gecko) Chrome/71.0.3578.98 Safari/537.36"
::1 - - [23/Jan/2019:13:38:04 +0700] "GET /BC2_SS3_ThucHanh1/img5.jpeg HTTP/1.1" 200 7226 "http://localhost/BC2_SS3_ThucHanh1/" "Mozilla/5.0 (X11; Linux x86_64) AppleWebKit/537.36 (KHTML, like Gecko) Chrome/71.0.3578.98 Safari/537.36"
::1 - - [23/Jan/2019:13:39:34 +0700] "GET /BC2_SS3_ThucHanh1/ HTTP/1.1" 200 788 "http://localhost/" "Mozilla/5.0 (X11; Linux x86_64) AppleWebKit/537.36 (KHTML, like Gecko) Chrome/71.0.3578.98 Safari/537.36"
::1 - - [23/Jan/2019:13:39:34 +0700] "GET /BC2_SS3_ThucHanh1/style.css HTTP/1.1" 200 897 "http://localhost/BC2_SS3_ThucHanh1/" "Mozilla/5.0 (X11; Linux x86_64) AppleWebKit/537.36 (KHTML, like Gecko) Chrome/71.0.3578.98 Safari/537.36"
::1 - - [23/Jan/2019:13:39:56 +0700] "GET /BC2_SS3_ThucHanh1/ HTTP/1.1" 200 788 "http://localhost/" "Mozilla/5.0 (X11; Linux x86_64) AppleWebKit/537.36 (KHTML, like Gecko) Chrome/71.0.3578.98 Safari/537.36"
::1 - - [23/Jan/2019:13:39:56 +0700] "GET /BC2_SS3_ThucHanh1/style.css HTTP/1.1" 200 898 "http://localhost/BC2_SS3_ThucHanh1/" "Mozilla/5.0 (X11; Linux x86_64) AppleWebKit/537.36 (KHTML, like Gecko) Chrome/71.0.3578.98 Safari/537.36"
::1 - - [23/Jan/2019:13:40:24 +0700] "GET /BC2_SS3_ThucHanh1/ HTTP/1.1" 200 788 "http://localhost/" "Mozilla/5.0 (X11; Linux x86_64) AppleWebKit/537.36 (KHTML, like Gecko) Chrome/71.0.3578.98 Safari/537.36"
::1 - - [23/Jan/2019:13:40:24 +0700] "GET /BC2_SS3_ThucHanh1/style.css HTTP/1.1" 200 582 "http://localhost/BC2_SS3_ThucHanh1/" "Mozilla/5.0 (X11; Linux x86_64) AppleWebKit/537.36 (KHTML, like Gecko) Chrome/71.0.3578.98 Safari/537.36"
::1 - - [23/Jan/2019:13:40:48 +0700] "POST /BC2_SS3_ThucHanh1/ HTTP/1.1" 200 788 "http://localhost/BC2_SS3_ThucHanh1/" "Mozilla/5.0 (X11; Linux x86_64) AppleWebKit/537.36 (KHTML, like Gecko) Chrome/71.0.3578.98 Safari/537.36"
::1 - - [23/Jan/2019:13:40:48 +0700] "GET /BC2_SS3_ThucHanh1/style.css HTTP/1.1" 200 582 "http://localhost/BC2_SS3_ThucHanh1/" "Mozilla/5.0 (X11; Linux x86_64) AppleWebKit/537.36 (KHTML, like Gecko) Chrome/71.0.3578.98 Safari/537.36"
::1 - - [23/Jan/2019:13:40:49 +0700] "POST /BC2_SS3_ThucHanh1/ HTTP/1.1" 200 787 "http://localhost/BC2_SS3_ThucHanh1/" "Mozilla/5.0 (X11; Linux x86_64) AppleWebKit/537.36 (KHTML, like Gecko) Chrome/71.0.3578.98 Safari/537.36"
::1 - - [23/Jan/2019:13:41:39 +0700] "-" 408 0 "-" "-"
::1 - - [23/Jan/2019:13:48:16 +0700] "GET /BC2_SS3_ThucHanh1/ HTTP/1.1" 200 788 "http://localhost/" "Mozilla/5.0 (X11; Linux x86_64) AppleWebKit/537.36 (KHTML, like Gecko) Chrome/71.0.3578.98 Safari/537.36"
::1 - - [23/Jan/2019:13:48:20 +0700] "GET / HTTP/1.1" 200 803 "-" "Mozilla/5.0 (X11; Linux x86_64) AppleWebKit/537.36 (KHTML, like Gecko) Chrome/71.0.3578.98 Safari/537.36"
::1 - - [23/Jan/2019:13:48:22 +0700] "GET /BC2_SS3_ThucHanh2_layout/ HTTP/1.1" 200 719 "http://localhost/" "Mozilla/5.0 (X11; Linux x86_64) AppleWebKit/537.36 (KHTML, like Gecko) Chrome/71.0.3578.98 Safari/537.36"
::1 - - [23/Jan/2019:13:48:23 +0700] "GET /BC2_SS3_ThucHanh2_layout/header.php HTTP/1.1" 200 434 "http://localhost/BC2_SS3_ThucHanh2_layout/" "Mozilla/5.0 (X11; Linux x86_64) AppleWebKit/537.36 (KHTML, like Gecko) Chrome/71.0.3578.98 Safari/537.36"
::1 - - [23/Jan/2019:13:49:07 +0700] "-" 408 0 "-" "-"
::1 - - [23/Jan/2019:13:51:59 +0700] "GET /BC2_SS3_ThucHanh2_layout/ HTTP/1.1" 200 912 "http://localhost/" "Mozilla/5.0 (X11; Linux x86_64) AppleWebKit/537.36 (KHTML, like Gecko) Chrome/71.0.3578.98 Safari/537.36"
::1 - - [23/Jan/2019:13:51:59 +0700] "GET /BC2_SS3_ThucHanh2_layout/style.css HTTP/1.1" 200 606 "http://localhost/BC2_SS3_ThucHanh2_layout/" "Mozilla/5.0 (X11; Linux x86_64) AppleWebKit/537.36 (KHTML, like Gecko) Chrome/71.0.3578.98 Safari/537.36"
::1 - - [23/Jan/2019:13:52:14 +0700] "GET /BC2_SS3_ThucHanh2_layout/ HTTP/1.1" 200 912 "http://localhost/" "Mozilla/5.0 (X11; Linux x86_64) AppleWebKit/537.36 (KHTML, like Gecko) Chrome/71.0.3578.98 Safari/537.36"
::1 - - [23/Jan/2019:13:52:14 +0700] "GET /BC2_SS3_ThucHanh2_layout/style.css HTTP/1.1" 200 606 "http://localhost/BC2_SS3_ThucHanh2_layout/" "Mozilla/5.0 (X11; Linux x86_64) AppleWebKit/537.36 (KHTML, like Gecko) Chrome/71.0.3578.98 Safari/537.36"
::1 - - [23/Jan/2019:13:52:22 +0700] "GET /BC2_SS3_ThucHanh2_layout/index.php HTTP/1.1" 200 912 "-" "Mozilla/5.0 (X11; Linux x86_64) AppleWebKit/537.36 (KHTML, like Gecko) Chrome/71.0.3578.98 Safari/537.36"
::1 - - [23/Jan/2019:13:52:22 +0700] "GET /BC2_SS3_ThucHanh2_layout/style.css HTTP/1.1" 200 606 "http://localhost/BC2_SS3_ThucHanh2_layout/index.php" "Mozilla/5.0 (X11; Linux x86_64) AppleWebKit/537.36 (KHTML, like Gecko) Chrome/71.0.3578.98 Safari/537.36"
::1 - - [23/Jan/2019:13:52:52 +0700] "GET /BC2_SS3_ThucHanh2_layout/index.php HTTP/1.1" 200 918 "-" "Mozilla/5.0 (X11; Linux x86_64) AppleWebKit/537.36 (KHTML, like Gecko) Chrome/71.0.3578.98 Safari/537.36"
::1 - - [23/Jan/2019:13:52:52 +0700] "GET /BC2_SS3_ThucHanh2_layout/style.css HTTP/1.1" 200 606 "http://localhost/BC2_SS3_ThucHanh2_layout/index.php" "Mozilla/5.0 (X11; Linux x86_64) AppleWebKit/537.36 (KHTML, like Gecko) Chrome/71.0.3578.98 Safari/537.36"
::1 - - [23/Jan/2019:13:52:54 +0700] "GET /BC2_SS3_ThucHanh2_layout/index.php HTTP/1.1" 200 917 "-" "Mozilla/5.0 (X11; Linux x86_64) AppleWebKit/537.36 (KHTML, like Gecko) Chrome/71.0.3578.98 Safari/537.36"
::1 - - [23/Jan/2019:13:52:54 +0700] "GET /BC2_SS3_ThucHanh2_layout/index.php HTTP/1.1" 200 917 "-" "Mozilla/5.0 (X11; Linux x86_64) AppleWebKit/537.36 (KHTML, like Gecko) Chrome/71.0.3578.98 Safari/537.36"
::1 - - [23/Jan/2019:13:52:54 +0700] "GET /BC2_SS3_ThucHanh2_layout/index.php HTTP/1.1" 200 917 "-" "Mozilla/5.0 (X11; Linux x86_64) AppleWebKit/537.36 (KHTML, like Gecko) Chrome/71.0.3578.98 Safari/537.36"
::1 - - [23/Jan/2019:13:53:01 +0700] "GET /BC2_SS3_ThucHanh2_layout/index.php HTTP/1.1" 200 918 "-" "Mozilla/5.0 (X11; Linux x86_64) AppleWebKit/537.36 (KHTML, like Gecko) Chrome/71.0.3578.98 Safari/537.36"
::1 - - [23/Jan/2019:13:53:01 +0700] "GET /BC2_SS3_ThucHanh2_layout/style.css HTTP/1.1" 200 606 "http://localhost/BC2_SS3_ThucHanh2_layout/index.php" "Mozilla/5.0 (X11; Linux x86_64) AppleWebKit/537.36 (KHTML, like Gecko) Chrome/71.0.3578.98 Safari/537.36"
::1 - - [23/Jan/2019:13:53:01 +0700] "GET /BC2_SS3_ThucHanh2_layout/index.php HTTP/1.1" 200 917 "-" "Mozilla/5.0 (X11; Linux x86_64) AppleWebKit/537.36 (KHTML, like Gecko) Chrome/71.0.3578.98 Safari/537.36"
::1 - - [23/Jan/2019:13:53:01 +0700] "GET /BC2_SS3_ThucHanh2_layout/index.php HTTP/1.1" 200 917 "-" "Mozilla/5.0 (X11; Linux x86_64) AppleWebKit/537.36 (KHTML, like Gecko) Chrome/71.0.3578.98 Safari/537.36"
::1 - - [23/Jan/2019:13:53:02 +0700] "GET /BC2_SS3_ThucHanh2_layout/index.php HTTP/1.1" 200 917 "-" "Mozilla/5.0 (X11; Linux x86_64) AppleWebKit/537.36 (KHTML, like Gecko) Chrome/71.0.3578.98 Safari/537.36"
::1 - - [23/Jan/2019:13:53:21 +0700] "GET /BC2_SS3_ThucHanh2_layout/index.php HTTP/1.1" 200 918 "-" "Mozilla/5.0 (X11; Linux x86_64) AppleWebKit/537.36 (KHTML, like Gecko) Chrome/71.0.3578.98 Safari/537.36"
::1 - - [23/Jan/2019:13:53:21 +0700] "GET /BC2_SS3_ThucHanh2_layout/style.css HTTP/1.1" 200 606 "http://localhost/BC2_SS3_ThucHanh2_layout/index.php" "Mozilla/5.0 (X11; Linux x86_64) AppleWebKit/537.36 (KHTML, like Gecko) Chrome/71.0.3578.98 Safari/537.36"
::1 - - [23/Jan/2019:13:53:22 +0700] "GET /BC2_SS3_ThucHanh2_layout/index.php HTTP/1.1" 200 917 "-" "Mozilla/5.0 (X11; Linux x86_64) AppleWebKit/537.36 (KHTML, like Gecko) Chrome/71.0.3578.98 Safari/537.36"
::1 - - [23/Jan/2019:13:53:22 +0700] "GET /BC2_SS3_ThucHanh2_layout/index.php HTTP/1.1" 200 917 "-" "Mozilla/5.0 (X11; Linux x86_64) AppleWebKit/537.36 (KHTML, like Gecko) Chrome/71.0.3578.98 Safari/537.36"
::1 - - [23/Jan/2019:13:53:23 +0700] "GET /BC2_SS3_ThucHanh2_layout/index.php HTTP/1.1" 200 917 "-" "Mozilla/5.0 (X11; Linux x86_64) AppleWebKit/537.36 (KHTML, like Gecko) Chrome/71.0.3578.98 Safari/537.36"
::1 - - [23/Jan/2019:13:53:46 +0700] "GET /BC2_SS3_ThucHanh2_layout/index.php HTTP/1.1" 200 918 "-" "Mozilla/5.0 (X11; Linux x86_64) AppleWebKit/537.36 (KHTML, like Gecko) Chrome/71.0.3578.98 Safari/537.36"
::1 - - [23/Jan/2019:13:53:46 +0700] "GET /BC2_SS3_ThucHanh2_layout/style.css HTTP/1.1" 200 609 "http://localhost/BC2_SS3_ThucHanh2_layout/index.php" "Mozilla/5.0 (X11; Linux x86_64) AppleWebKit/537.36 (KHTML, like Gecko) Chrome/71.0.3578.98 Safari/537.36"
::1 - - [23/Jan/2019:13:53:57 +0700] "GET /BC2_SS3_ThucHanh2_layout/index.php HTTP/1.1" 200 918 "-" "Mozilla/5.0 (X11; Linux x86_64) AppleWebKit/537.36 (KHTML, like Gecko) Chrome/71.0.3578.98 Safari/537.36"
::1 - - [23/Jan/2019:13:53:57 +0700] "GET /BC2_SS3_ThucHanh2_layout/style.css HTTP/1.1" 200 608 "http://localhost/BC2_SS3_ThucHanh2_layout/index.php" "Mozilla/5.0 (X11; Linux x86_64) AppleWebKit/537.36 (KHTML, like Gecko) Chrome/71.0.3578.98 Safari/537.36"
::1 - - [23/Jan/2019:13:53:58 +0700] "GET /BC2_SS3_ThucHanh2_layout/index.php HTTP/1.1" 200 917 "-" "Mozilla/5.0 (X11; Linux x86_64) AppleWebKit/537.36 (KHTML, like Gecko) Chrome/71.0.3578.98 Safari/537.36"
::1 - - [23/Jan/2019:13:53:58 +0700] "GET /BC2_SS3_ThucHanh2_layout/style.css HTTP/1.1" 200 608 "http://localhost/BC2_SS3_ThucHanh2_layout/index.php" "Mozilla/5.0 (X11; Linux x86_64) AppleWebKit/537.36 (KHTML, like Gecko) Chrome/71.0.3578.98 Safari/537.36"
::1 - - [23/Jan/2019:13:53:58 +0700] "GET /BC2_SS3_ThucHanh2_layout/index.php HTTP/1.1" 200 917 "-" "Mozilla/5.0 (X11; Linux x86_64) AppleWebKit/537.36 (KHTML, like Gecko) Chrome/71.0.3578.98 Safari/537.36"
::1 - - [23/Jan/2019:13:53:58 +0700] "GET /BC2_SS3_ThucHanh2_layout/style.css HTTP/1.1" 200 608 "http://localhost/BC2_SS3_ThucHanh2_layout/index.php" "Mozilla/5.0 (X11; Linux x86_64) AppleWebKit/537.36 (KHTML, like Gecko) Chrome/71.0.3578.98 Safari/537.36"
::1 - - [23/Jan/2019:13:53:58 +0700] "GET /BC2_SS3_ThucHanh2_layout/index.php HTTP/1.1" 200 917 "-" "Mozilla/5.0 (X11; Linux x86_64) AppleWebKit/537.36 (KHTML, like Gecko) Chrome/71.0.3578.98 Safari/537.36"
::1 - - [23/Jan/2019:13:53:58 +0700] "GET /BC2_SS3_ThucHanh2_layout/style.css HTTP/1.1" 200 608 "http://localhost/BC2_SS3_ThucHanh2_layout/index.php" "Mozilla/5.0 (X11; Linux x86_64) AppleWebKit/537.36 (KHTML, like Gecko) Chrome/71.0.3578.98 Safari/537.36"
::1 - - [23/Jan/2019:13:53:58 +0700] "GET /BC2_SS3_ThucHanh2_layout/index.php HTTP/1.1" 200 917 "-" "Mozilla/5.0 (X11; Linux x86_64) AppleWebKit/537.36 (KHTML, like Gecko) Chrome/71.0.3578.98 Safari/537.36"
::1 - - [23/Jan/2019:13:53:58 +0700] "GET /BC2_SS3_ThucHanh2_layout/style.css HTTP/1.1" 200 608 "http://localhost/BC2_SS3_ThucHanh2_layout/index.php" "Mozilla/5.0 (X11; Linux x86_64) AppleWebKit/537.36 (KHTML, like Gecko) Chrome/71.0.3578.98 Safari/537.36"
::1 - - [23/Jan/2019:13:53:59 +0700] "GET /BC2_SS3_ThucHanh2_layout/index.php HTTP/1.1" 200 917 "-" "Mozilla/5.0 (X11; Linux x86_64) AppleWebKit/537.36 (KHTML, like Gecko) Chrome/71.0.3578.98 Safari/537.36"
::1 - - [23/Jan/2019:13:53:59 +0700] "GET /BC2_SS3_ThucHanh2_layout/style.css HTTP/1.1" 200 608 "http://localhost/BC2_SS3_ThucHanh2_layout/index.php" "Mozilla/5.0 (X11; Linux x86_64) AppleWebKit/537.36 (KHTML, like Gecko) Chrome/71.0.3578.98 Safari/537.36"
::1 - - [23/Jan/2019:13:54:00 +0700] "GET /BC2_SS3_ThucHanh2_layout/index.php HTTP/1.1" 200 917 "-" "Mozilla/5.0 (X11; Linux x86_64) AppleWebKit/537.36 (KHTML, like Gecko) Chrome/71.0.3578.98 Safari/537.36"
::1 - - [23/Jan/2019:13:54:00 +0700] "GET /BC2_SS3_ThucHanh2_layout/style.css HTTP/1.1" 200 608 "http://localhost/BC2_SS3_ThucHanh2_layout/index.php" "Mozilla/5.0 (X11; Linux x86_64) AppleWebKit/537.36 (KHTML, like Gecko) Chrome/71.0.3578.98 Safari/537.36"
::1 - - [23/Jan/2019:13:54:00 +0700] "GET /BC2_SS3_ThucHanh2_layout/index.php HTTP/1.1" 200 917 "-" "Mozilla/5.0 (X11; Linux x86_64) AppleWebKit/537.36 (KHTML, like Gecko) Chrome/71.0.3578.98 Safari/537.36"
::1 - - [23/Jan/2019:13:54:00 +0700] "GET /BC2_SS3_ThucHanh2_layout/index.php HTTP/1.1" 200 917 "-" "Mozilla/5.0 (X11; Linux x86_64) AppleWebKit/537.36 (KHTML, like Gecko) Chrome/71.0.3578.98 Safari/537.36"
::1 - - [23/Jan/2019:13:54:00 +0700] "GET /BC2_SS3_ThucHanh2_layout/style.css HTTP/1.1" 200 608 "http://localhost/BC2_SS3_ThucHanh2_layout/index.php" "Mozilla/5.0 (X11; Linux x86_64) AppleWebKit/537.36 (KHTML, like Gecko) Chrome/71.0.3578.98 Safari/537.36"
::1 - - [23/Jan/2019:13:54:04 +0700] "GET /B HTTP/1.1" 404 490 "-" "Mozilla/5.0 (X11; Linux x86_64) AppleWebKit/537.36 (KHTML, like Gecko) Chrome/71.0.3578.98 Safari/537.36"
::1 - - [23/Jan/2019:13:54:07 +0700] "GET / HTTP/1.1" 200 803 "-" "Mozilla/5.0 (X11; Linux x86_64) AppleWebKit/537.36 (KHTML, like Gecko) Chrome/71.0.3578.98 Safari/537.36"
::1 - - [23/Jan/2019:13:54:08 +0700] "GET /BC2_SS3_ThucHanh2_layout/ HTTP/1.1" 200 917 "http://localhost/" "Mozilla/5.0 (X11; Linux x86_64) AppleWebKit/537.36 (KHTML, like Gecko) Chrome/71.0.3578.98 Safari/537.36"
::1 - - [23/Jan/2019:13:54:08 +0700] "GET /BC2_SS3_ThucHanh2_layout/style.css HTTP/1.1" 200 608 "http://localhost/BC2_SS3_ThucHanh2_layout/" "Mozilla/5.0 (X11; Linux x86_64) AppleWebKit/537.36 (KHTML, like Gecko) Chrome/71.0.3578.98 Safari/537.36"
::1 - - [23/Jan/2019:13:54:11 +0700] "GET /BC2_SS3_ThucHanh2_layout/index.php HTTP/1.1" 200 917 "-" "Mozilla/5.0 (X11; Linux x86_64) AppleWebKit/537.36 (KHTML, like Gecko) Chrome/71.0.3578.98 Safari/537.36"
::1 - - [23/Jan/2019:13:54:11 +0700] "GET /BC2_SS3_ThucHanh2_layout/style.css HTTP/1.1" 200 608 "http://localhost/BC2_SS3_ThucHanh2_layout/index.php" "Mozilla/5.0 (X11; Linux x86_64) AppleWebKit/537.36 (KHTML, like Gecko) Chrome/71.0.3578.98 Safari/537.36"
::1 - - [23/Jan/2019:13:54:23 +0700] "GET /BC2_SS3_ThucHanh2_layout/header.php HTTP/1.1" 200 434 "-" "Mozilla/5.0 (X11; Linux x86_64) AppleWebKit/537.36 (KHTML, like Gecko) Chrome/71.0.3578.98 Safari/537.36"
::1 - - [23/Jan/2019:13:56:13 +0700] "GET /BC2_SS3_ThucHanh2_layout/style.css HTTP/1.1" 200 609 "http://localhost/BC2_SS3_ThucHanh2_layout/index.php" "Mozilla/5.0 (X11; Linux x86_64) AppleWebKit/537.36 (KHTML, like Gecko) Chrome/71.0.3578.98 Safari/537.36"
