[Wed Jan 23 08:07:30.721566 2019] [mpm_prefork:notice] [pid 1274] AH00163: Apache/2.4.29 (Ubuntu) configured -- resuming normal operations
[Wed Jan 23 08:07:30.721594 2019] [core:notice] [pid 1274] AH00094: Command line: '/usr/sbin/apache2'
[Wed Jan 23 08:34:11.345193 2019] [php7:notice] [pid 7666] [client ::1:54772] PHP Notice:  Undefined variable: text in /var/www/html/SS2_DocSo/read1.php on line 97, referer: http://localhost/SS2_DocSo/
[Wed Jan 23 08:34:15.605295 2019] [php7:notice] [pid 7666] [client ::1:54772] PHP Notice:  Undefined variable: text in /var/www/html/SS2_DocSo/read1.php on line 97, referer: http://localhost/SS2_DocSo/
[Wed Jan 23 08:35:14.032653 2019] [php7:notice] [pid 7673] [client ::1:54782] PHP Notice:  Undefined variable: text in /var/www/html/SS2_DocSo/read1.php on line 97, referer: http://localhost/SS2_DocSo/
[Wed Jan 23 08:36:01.715608 2019] [php7:notice] [pid 7667] [client ::1:54788] PHP Notice:  Undefined variable: text in /var/www/html/SS2_DocSo/read1.php on line 97, referer: http://localhost/SS2_DocSo/
[Wed Jan 23 08:37:38.699168 2019] [php7:notice] [pid 7669] [client ::1:54802] PHP Notice:  Undefined variable: text in /var/www/html/SS2_DocSo/read1.php on line 97, referer: http://localhost/SS2_DocSo/
[Wed Jan 23 08:37:51.664370 2019] [php7:notice] [pid 7669] [client ::1:54802] PHP Notice:  Undefined variable: text in /var/www/html/SS2_DocSo/read1.php on line 97, referer: http://localhost/SS2_DocSo/
[Wed Jan 23 08:56:45.482361 2019] [php7:notice] [pid 7673] [client ::1:54830] PHP Notice:  Undefined variable: text in /var/www/html/SS2_DocSo/read1.php on line 106, referer: http://localhost/SS2_DocSo/
[Wed Jan 23 09:10:20.046743 2019] [php7:warn] [pid 7672] [client ::1:54898] PHP Warning:  A non-numeric value encountered in /var/www/html/SS2_DocSo/read1.php on line 84, referer: http://localhost/SS2_DocSo/index.php?
[Wed Jan 23 09:10:20.046811 2019] [php7:warn] [pid 7672] [client ::1:54898] PHP Warning:  A non-numeric value encountered in /var/www/html/SS2_DocSo/read1.php on line 85, referer: http://localhost/SS2_DocSo/index.php?
[Wed Jan 23 09:10:20.046833 2019] [php7:warn] [pid 7672] [client ::1:54898] PHP Warning:  A non-numeric value encountered in /var/www/html/SS2_DocSo/read1.php on line 86, referer: http://localhost/SS2_DocSo/index.php?
[Wed Jan 23 09:11:31.479016 2019] [php7:warn] [pid 10896] [client ::1:54902] PHP Warning:  A non-numeric value encountered in /var/www/html/SS2_DocSo/read1.php on line 83, referer: http://localhost/SS2_DocSo/index.php?
[Wed Jan 23 09:11:31.479074 2019] [php7:warn] [pid 10896] [client ::1:54902] PHP Warning:  A non-numeric value encountered in /var/www/html/SS2_DocSo/read1.php on line 84, referer: http://localhost/SS2_DocSo/index.php?
[Wed Jan 23 09:11:31.479090 2019] [php7:warn] [pid 10896] [client ::1:54902] PHP Warning:  A non-numeric value encountered in /var/www/html/SS2_DocSo/read1.php on line 85, referer: http://localhost/SS2_DocSo/index.php?
[Wed Jan 23 09:14:51.072293 2019] [php7:warn] [pid 7666] [client ::1:54914] PHP Warning:  A non-numeric value encountered in /var/www/html/SS2_DocSo/read1.php on line 83, referer: http://localhost/SS2_DocSo/index.php?
[Wed Jan 23 09:14:51.072331 2019] [php7:warn] [pid 7666] [client ::1:54914] PHP Warning:  A non-numeric value encountered in /var/www/html/SS2_DocSo/read1.php on line 84, referer: http://localhost/SS2_DocSo/index.php?
[Wed Jan 23 09:14:51.072341 2019] [php7:warn] [pid 7666] [client ::1:54914] PHP Warning:  A non-numeric value encountered in /var/www/html/SS2_DocSo/read1.php on line 85, referer: http://localhost/SS2_DocSo/index.php?
[Wed Jan 23 09:15:20.040732 2019] [php7:warn] [pid 7667] [client ::1:54920] PHP Warning:  A non-numeric value encountered in /var/www/html/SS2_DocSo/read1.php on line 83, referer: http://localhost/SS2_DocSo/index.php?
[Wed Jan 23 09:15:20.040787 2019] [php7:warn] [pid 7667] [client ::1:54920] PHP Warning:  A non-numeric value encountered in /var/www/html/SS2_DocSo/read1.php on line 84, referer: http://localhost/SS2_DocSo/index.php?
[Wed Jan 23 09:15:20.040804 2019] [php7:warn] [pid 7667] [client ::1:54920] PHP Warning:  A non-numeric value encountered in /var/www/html/SS2_DocSo/read1.php on line 85, referer: http://localhost/SS2_DocSo/index.php?
[Wed Jan 23 09:19:04.090486 2019] [php7:emerg] [pid 7672] [client ::1:54926] PHP Parse error:  syntax error, unexpected 'if' (T_IF) in /var/www/html/SS2_DocSo/read1.php on line 89, referer: http://localhost/SS2_DocSo/index.php?
[Wed Jan 23 09:20:28.532332 2019] [php7:warn] [pid 10896] [client ::1:54934] PHP Warning:  A non-numeric value encountered in /var/www/html/SS2_DocSo/read1.php on line 83, referer: http://localhost/SS2_DocSo/index.php?
[Wed Jan 23 09:20:28.532389 2019] [php7:warn] [pid 10896] [client ::1:54934] PHP Warning:  A non-numeric value encountered in /var/www/html/SS2_DocSo/read1.php on line 84, referer: http://localhost/SS2_DocSo/index.php?
[Wed Jan 23 09:20:28.532404 2019] [php7:warn] [pid 10896] [client ::1:54934] PHP Warning:  A non-numeric value encountered in /var/www/html/SS2_DocSo/read1.php on line 85, referer: http://localhost/SS2_DocSo/index.php?
